C51 COMPILER V9.56.0.0   MOBILE_CONTROLLED                                                 07/08/2017 02:19:49 PAGE 1   


C51 COMPILER V9.56.0.0, COMPILATION OF MODULE MOBILE_CONTROLLED
OBJECT MODULE PLACED IN .\Objects\mobile controlled.obj
COMPILER INVOKED BY: C:\Keil_v5\C51\BIN\C51.EXE mobile controlled.c OPTIMIZE(8,SPEED) BROWSE DEBUG OBJECTEXTEND PRINT(.\
                    -Listings\mobile controlled.lst) TABS(2) OBJECT(.\Objects\mobile controlled.obj)

line level    source

   1          #include<reg52.h>
   2          #include<stdio.h>
   3          #define lt 0x06;
   4          #define rt 0x09;
   5          #define fwd 0x0a;
   6          # define stop 0x00;
   7          #define rev 0x05;
   8          unsigned int a;
   9          void main()
  10          {
  11   1        while(1)
  12   1        {
  13   2          a=P0&0x0f;
  14   2          if(a==0x02)
  15   2          {
  16   3            P2=fwd;
  17   3          }
  18   2          if(a==0x04)
  19   2          {
  20   3            P2=lt;
  21   3          }
  22   2          
  23   2        if(a==0x06)
  24   2        {
  25   3          P2=rt;
  26   3        }
  27   2        if(a==0x08)
  28   2        {
  29   3          P2=rev;
  30   3        }
  31   2        if(a==0x05)
  32   2        {
  33   3          P2=stop;
  34   3        }
  35   2      }
  36   1        }
  37          
  38            
  39            
  40            
  41            
  42            
  43            
  44                
  45                
  46                
  47                
  48                
  49                
  50                
  51                
  52                
  53                

C51 COMPILER V9.56.0.0   MOBILE_CONTROLLED                                                 07/08/2017 02:19:49 PAGE 2   


MODULE INFORMATION:   STATIC OVERLAYABLE
   CODE SIZE        =     63    ----
   CONSTANT SIZE    =   ----    ----
   XDATA SIZE       =   ----    ----
   PDATA SIZE       =   ----    ----
   DATA SIZE        =      2    ----
   IDATA SIZE       =   ----    ----
   BIT SIZE         =   ----    ----
END OF MODULE INFORMATION.


C51 COMPILATION COMPLETE.  0 WARNING(S),  0 ERROR(S)
